{"name": "test_authorizationError", "status": "failed", "statusDetails": {"message": "AssertionError: assert 'Loogin' == ''\n  \n  + Loogin", "trace": "browser = <selenium.webdriver.chrome.webdriver.WebDriver (session=\"d03fec0d67844062c3622625ce69f6c6\")>\n\n    @allure.feature('Registration')\n    @allure.story('Registartion to the system')\n    def test_authorizationError(browser):\n        with allure.step('Open browser'):\n            authorization_page = AuthorizationPage(browser)\n        with allure.step('Open browser'):\n            authorization_page.open()\n        with allure.step('Check the text'):\n>           assert \"Loogin\" == authorization_page.login_button().text\nE           AssertionError: assert 'Loogin' == ''\nE             \nE             + Loogin\n\ntests\\test_authorization.py:33: AssertionError"}, "steps": [{"name": "Open browser", "status": "passed", "start": 1713458941048, "stop": 1713458941048}, {"name": "Open browser", "status": "passed", "start": 1713458941048, "stop": 1713458941301}, {"name": "Check the text", "status": "failed", "statusDetails": {"message": "AssertionError: assert 'Loogin' == ''\n  \n  + Loogin\n", "trace": "  File \"C:\\Users\\MukanovaR\\PycharmProjects\\new222\\tests\\test_authorization.py\", line 33, in test_authorizationError\n    assert \"Loogin\" == authorization_page.login_button().text\n"}, "start": 1713458941301, "stop": 1713458941934}], "start": 1713458941048, "stop": 1713458941934, "uuid": "df856eaa-aba2-4bf2-8aad-d4383bf5897a", "historyId": "341ec5cc1773cbcb03661d582397730c", "testCaseId": "341ec5cc1773cbcb03661d582397730c", "fullName": "tests.test_authorization#test_authorizationError", "labels": [{"name": "feature", "value": "Registration"}, {"name": "story", "value": "Registartion to the system"}, {"name": "parentSuite", "value": "tests"}, {"name": "suite", "value": "test_authorization"}, {"name": "host", "value": "601-02SSD"}, {"name": "thread", "value": "6940-MainThread"}, {"name": "framework", "value": "pytest"}, {"name": "language", "value": "cpython3"}, {"name": "package", "value": "tests.test_authorization"}]}